{"level":"info","message":"Server is starting1 8000","service":"user-service"}
{"level":"info","message":"Server is starting1 8000"}
{"level":"info","message":"Server is starting1 8000","service":"user-service"}
{"level":"info","message":"Server is starting1 8000","service":"user-service"}
{"level":"info","message":"Server is starting1 8000","service":"user-service"}
{"level":"info","message":"Server is starting1 8000","service":"user-service"}
{"level":"info","message":"Server is starting1 8000","service":"user-service"}
{"level":"info","message":"Server is starting1 8000","service":"user-service"}
{"level":"info","message":"Server is starting1 8000","service":"user-service"}
{"level":"info","message":"Server is starting1 8000","service":"user-service"}
{"level":"info","message":"Server is starting1 8000","service":"user-service"}
{"level":"info","message":"Server is starting1 8000","service":"user-service"}
{"level":"info","message":"Server is starting1 8000","service":"user-service"}
{"level":"info","message":"Server is starting1 8000","service":"user-service"}
{"level":"info","message":"Server is starting1 8000","service":"user-service"}
{"level":"info","message":"Server is starting1 8000","service":"user-service"}
{"level":"info","message":"Server is starting1 8000","service":"user-service"}
{"level":"info","message":"Server is starting1 8000","service":"user-service"}
{"level":"info","message":"Server is starting1 8000","service":"user-service"}
{"level":"info","message":"Server is starting1 8000","service":"user-service"}
{"level":"info","message":"Server is starting1 8000","service":"user-service"}
{"level":"info","message":"Server is starting1 8000","service":"user-service"}
{"level":"info","message":"Server is starting1 8000","service":"user-service"}
{"level":"info","message":"Server is starting1 8000","service":"user-service"}
{"level":"info","message":"Server is starting1 8000","service":"user-service"}
{"level":"info","message":"Server is starting1 8000","service":"user-service"}
{"level":"info","message":"Server is starting1 8000","service":"user-service"}
{"level":"info","message":"Server is starting1 8000","service":"user-service"}
{"level":"info","message":"Server is starting1 8000","service":"user-service"}
{"level":"info","message":"Server is starting1 8000","service":"user-service"}
{"level":"info","message":"Server is starting1 8000","service":"user-service"}
{"level":"info","message":"Server is starting1 8000","service":"user-service"}
{"level":"info","message":"Server is starting1 8000","service":"user-service"}
{"level":"info","message":"Server is starting1 8000","service":"user-service"}
{"level":"info","message":"Server is starting1 8000","service":"user-service"}
{"level":"info","message":"Server is starting1 8000","service":"user-service"}
{"level":"info","message":"Server is starting1 8000","service":"user-service"}
{"level":"info","message":"Server is starting1 8000","service":"user-service"}
{"level":"info","message":"Server is starting1 8000","service":"user-service"}
{"level":"info","message":"Server is starting1 8000","service":"user-service"}
{"level":"info","message":"Server is starting1 8000","service":"user-service"}
{"level":"info","message":"Server is starting1 8000","service":"user-service"}
{"level":"info","message":"Server is starting1 8000","service":"user-service"}
{"level":"info","message":"Server is starting1 8000","service":"user-service"}
{"level":"info","message":"Server is starting1 8000","service":"user-service"}
{"level":"info","message":"Server is starting1 8000","service":"user-service"}
{"level":"info","message":"Server is starting1 8000","service":"user-service"}
{"level":"info","message":"Server is starting1 8000","service":"user-service"}
{"level":"info","message":"Server is starting1 8000","service":"user-service"}
{"level":"info","message":"Server is starting1 8000","service":"user-service"}
{"level":"info","message":"Server is starting1 8000","service":"user-service"}
{"level":"info","message":"Aslaa","service":"user-service"}
{"level":"info","message":"Server is starting1 8000","service":"user-service"}
{"level":"info","message":"Aslaa","service":"user-service"}
{"level":"info","message":"Server is starting1 8001","service":"user-service"}
{"level":"info","message":"Aslaa","service":"user-service"}
{"level":"info","message":"Server is starting1 8001","service":"user-service"}
{"level":"info","message":"Aslaa","service":"user-service"}
{"level":"info","message":"Server is starting1 8001","service":"user-service"}
{"level":"info","message":"Aslaa","service":"user-service"}
{"level":"info","message":"Server is starting1 8001","service":"user-service"}
{"level":"info","message":"Aslaa","service":"user-service"}
{"level":"info","message":"Server is starting1 8001","service":"user-service"}
{"level":"info","message":"Aslaa","service":"user-service"}
{"level":"info","message":"Server is starting1 8001","service":"user-service"}
{"level":"info","message":"Aslaa","service":"user-service"}
{"level":"info","message":"Server is starting1 8001","service":"user-service"}
{"level":"info","message":"Aslaa","service":"user-service"}
{"level":"info","message":"Server is starting1 8001","service":"user-service"}
{"level":"info","message":"Aslaa","service":"user-service"}
{"level":"info","message":"Server is starting1 8001","service":"user-service"}
{"level":"info","message":"Aslaa","service":"user-service"}
{"level":"info","message":"Server is starting1 8001","service":"user-service"}
{"level":"info","message":"Aslaa","service":"user-service"}
{"level":"info","message":"Server is starting1 8001","service":"user-service"}
{"level":"info","message":"Aslaa","service":"user-service"}
{"level":"info","message":"Server is starting1 8001","service":"user-service"}
{"level":"info","message":"Aslaa","service":"user-service"}
{"level":"info","message":"Server is starting1 8001","service":"user-service"}
{"level":"info","message":"Aslaa","service":"user-service"}
{"level":"info","message":"Server is starting1 8001","service":"user-service"}
{"level":"info","message":"Aslaa","service":"user-service"}
{"level":"info","message":"Server is starting1 8001","service":"user-service"}
{"level":"info","message":"Aslaa","service":"user-service"}
{"level":"info","message":"Server is starting1 8001","service":"user-service"}
{"level":"info","message":"Aslaa","service":"user-service"}
{"level":"info","message":"Server is starting1 8001","service":"user-service"}
{"level":"info","message":"Server is starting1 8001","service":"user-service"}
{"level":"info","message":"Aslaa","service":"user-service"}
{"level":"info","message":"Server is starting1 8001","service":"user-service"}
{"level":"info","message":"Aslaa","service":"user-service"}
{"level":"info","message":"Server is starting1 8001","service":"user-service"}
{"level":"info","message":"Aslaa","service":"user-service"}
{"level":"info","message":"Server is starting1 8001","service":"user-service"}
{"level":"info","message":"Aslaa","service":"user-service"}
{"level":"info","message":"Server is starting1 8001","service":"user-service"}
{"level":"info","message":"Aslaa","service":"user-service"}
{"level":"info","message":"Server is starting1 8001","service":"user-service"}
{"level":"info","message":"Aslaa","service":"user-service"}
{"level":"info","message":"Server is starting1 8001","service":"user-service"}
{"level":"info","message":"Aslaa","service":"user-service"}
{"level":"info","message":"Server is starting1 8001","service":"user-service"}
{"level":"info","message":"Aslaa","service":"user-service"}
{"level":"info","message":"Server is starting1 8001","service":"user-service"}
{"level":"info","message":"Aslaa","service":"user-service"}
{"level":"info","message":"Server is starting1 8001","service":"user-service"}
{"level":"info","message":"Aslaa","service":"user-service"}
{"level":"info","message":"Server is starting1 8001","service":"user-service"}
{"level":"info","message":"Aslaa","service":"user-service"}
{"level":"info","message":"Server is starting1 8001","service":"user-service"}
{"level":"info","message":"Aslaa","service":"user-service"}
{"level":"info","message":"Server is starting1 8001","service":"user-service"}
{"level":"info","message":"Aslaa","service":"user-service"}
{"level":"info","message":"Server is starting1 8001","service":"user-service"}
{"level":"info","message":"Aslaa","service":"user-service"}
{"level":"info","message":"Server is starting1 8001","service":"user-service"}
{"level":"info","message":"Aslaa","service":"user-service"}
{"level":"info","message":"Server is starting1 8001","service":"user-service"}
{"level":"info","message":"Aslaa","service":"user-service"}
{"level":"info","message":"Server is starting1 8001","service":"user-service"}
{"level":"info","message":"Aslaa","service":"user-service"}
{"level":"info","message":"Server is starting1 8001","service":"user-service"}
{"level":"info","message":"Aslaa","service":"user-service"}
{"level":"info","message":"Server is starting1 8001","service":"user-service"}
{"level":"info","message":"Aslaa","service":"user-service"}
{"level":"info","message":"Server is starting1 8001","service":"user-service"}
{"level":"info","message":"Aslaa","service":"user-service"}
{"level":"info","message":"Server is starting1 8001","service":"user-service"}
{"level":"info","message":"Aslaa","service":"user-service"}
{"level":"info","message":"Server is starting1 8001","service":"user-service"}
{"level":"info","message":"Aslaa","service":"user-service"}
{"level":"info","message":"Server is starting1 8001","service":"user-service"}
{"level":"info","message":"Aslaa","service":"user-service"}
{"level":"info","message":"Server is starting1 8001","service":"user-service"}
{"level":"info","message":"Aslaa","service":"user-service"}
{"level":"info","message":"Server is starting1 8001","service":"user-service"}
{"level":"info","message":"Aslaa","service":"user-service"}
{"level":"info","message":"Server is starting1 8001","service":"user-service"}
{"level":"info","message":"Aslaa","service":"user-service"}
{"level":"info","message":"Server is starting1 8001","service":"user-service"}
{"level":"info","message":"Aslaa","service":"user-service"}
{"level":"info","message":"Server is starting1 8001","service":"user-service"}
{"level":"info","message":"Aslaa","service":"user-service"}
{"level":"info","message":"Server is starting1 8001","service":"user-service"}
{"level":"info","message":"Aslaa","service":"user-service"}
{"level":"info","message":"Server is starting1 8001","service":"user-service"}
{"level":"info","message":"Server is starting1 8001","service":"user-service"}
{"level":"info","message":"Aslaa","service":"user-service"}
{"level":"info","message":"Server is starting1 8001","service":"user-service"}
{"level":"info","message":"Aslaa","service":"user-service"}
{"level":"info","message":"Server is starting1 8001","service":"user-service"}
{"level":"info","message":"Aslaa","service":"user-service"}
{"level":"info","message":"Server is starting1 8001","service":"user-service"}
{"level":"info","message":"Aslaa","service":"user-service"}
{"level":"info","message":"Server is starting1 8001","service":"user-service"}
{"level":"info","message":"Aslaa","service":"user-service"}
{"level":"info","message":"Server is starting1 8001","service":"user-service"}
{"level":"info","message":"Aslaa","service":"user-service"}
{"level":"info","message":"Server is starting1 8001","service":"user-service"}
{"level":"info","message":"Aslaa","service":"user-service"}
{"level":"info","message":"Server is starting1 8001","service":"user-service"}
{"level":"info","message":"Aslaa","service":"user-service"}
{"level":"info","message":"Server is starting1 8001","service":"user-service"}
{"level":"info","message":"Aslaa","service":"user-service"}
{"level":"info","message":"Server is starting1 8001","service":"user-service"}
{"level":"info","message":"Aslaa","service":"user-service"}
{"level":"info","message":"Server is starting1 8001","service":"user-service"}
{"level":"info","message":"Aslaa","service":"user-service"}
{"level":"info","message":"Server is starting1 8001","service":"user-service"}
{"level":"info","message":"Aslaa","service":"user-service"}
{"level":"info","message":"Server is starting1 8001","service":"user-service"}
{"level":"info","message":"Aslaa","service":"user-service"}
{"level":"info","message":"Server is starting1 8001","service":"user-service"}
{"level":"info","message":"Aslaa","service":"user-service"}
{"level":"info","message":"Server is starting1 8001","service":"user-service"}
{"level":"info","message":"Aslaa","service":"user-service"}
{"level":"info","message":"Server is starting1 8001","service":"user-service"}
{"level":"info","message":"Aslaa","service":"user-service"}
{"level":"info","message":"Server is starting1 8001","service":"user-service"}
{"level":"info","message":"Aslaa","service":"user-service"}
{"level":"info","message":"Server is starting1 8001","service":"user-service"}
{"level":"info","message":"Aslaa","service":"user-service"}
{"level":"info","message":"Server is starting1 8001","service":"user-service"}
{"level":"info","message":"Aslaa","service":"user-service"}
{"level":"info","message":"Server is starting1 8001","service":"user-service"}
{"level":"info","message":"Aslaa","service":"user-service"}
{"level":"info","message":"Server is starting1 8001","service":"user-service"}
{"level":"info","message":"Aslaa","service":"user-service"}
{"level":"info","message":"Server is starting1 8001","service":"user-service"}
{"level":"info","message":"Aslaa","service":"user-service"}
{"level":"info","message":"Server is starting1 8001","service":"user-service"}
{"level":"info","message":"Aslaa","service":"user-service"}
{"level":"info","message":"Server is starting1 8001","service":"user-service"}
{"level":"info","message":"Aslaa","service":"user-service"}
{"level":"info","message":"Server is starting1 8001","service":"user-service"}
{"level":"info","message":"Aslaa","service":"user-service"}
{"level":"info","message":"Server is starting1 8001","service":"user-service"}
{"level":"info","message":"Aslaa","service":"user-service"}
{"level":"info","message":"Server is starting1 8001","service":"user-service"}
{"level":"info","message":"Aslaa","service":"user-service"}
{"level":"info","message":"Server is starting1 8001","service":"user-service"}
{"level":"info","message":"Aslaa","service":"user-service"}
{"level":"info","message":"Server is starting1 8001","service":"user-service"}
{"level":"info","message":"Aslaa","service":"user-service"}
{"level":"info","message":"Server is starting1 8001","service":"user-service"}
{"level":"info","message":"Aslaa","service":"user-service"}
{"level":"info","message":"Server is starting1 8001","service":"user-service"}
{"level":"info","message":"Server is starting1 8001","service":"user-service"}
{"level":"info","message":"Aslaa","service":"user-service"}
{"level":"info","message":"Server is starting1 8001","service":"user-service"}
{"level":"info","message":"Aslaa","service":"user-service"}
{"level":"info","message":"Server is starting1 8001","service":"user-service"}
{"level":"info","message":"Aslaa","service":"user-service"}
{"level":"info","message":"Server is starting1 8001","service":"user-service"}
{"level":"info","message":"Aslaa","service":"user-service"}
{"level":"info","message":"Server is starting1 8001","service":"user-service"}
{"level":"info","message":"Aslaa","service":"user-service"}
{"level":"info","message":"Server is starting1 8001","service":"user-service"}
{"level":"info","message":"Aslaa","service":"user-service"}
{"level":"info","message":"Server is starting1 8001","service":"user-service"}
{"level":"info","message":"Aslaa","service":"user-service"}
{"level":"info","message":"Server is starting1 8001","service":"user-service"}
{"level":"info","message":"Aslaa","service":"user-service"}
{"level":"info","message":"Server is starting1 8001","service":"user-service"}
{"level":"info","message":"Aslaa","service":"user-service"}
{"level":"info","message":"Server is starting1 8001","service":"user-service"}
{"level":"info","message":"Aslaa","service":"user-service"}
{"level":"info","message":"Server is starting1 8001","service":"user-service"}
{"level":"info","message":"Aslaa","service":"user-service"}
{"level":"info","message":"Server is starting1 8001","service":"user-service"}
{"level":"info","message":"Aslaa","service":"user-service"}
{"level":"info","message":"Server is starting1 8001","service":"user-service"}
{"level":"info","message":"Aslaa","service":"user-service"}
{"level":"info","message":"Server is starting1 8001","service":"user-service"}
{"level":"info","message":"Aslaa","service":"user-service"}
{"level":"info","message":"Server is starting1 8001","service":"user-service"}
{"level":"info","message":"Aslaa","service":"user-service"}
{"level":"info","message":"Server is starting1 8001","service":"user-service"}
{"level":"info","message":"Aslaa","service":"user-service"}
{"level":"info","message":"Server is starting1 8001","service":"user-service"}
{"level":"info","message":"Aslaa","service":"user-service"}
{"level":"info","message":"Server is starting1 8001","service":"user-service"}
{"level":"info","message":"Server is starting1 8001","service":"user-service"}
{"level":"info","message":"Aslaa","service":"user-service"}
{"level":"info","message":"Server is starting1 8001","service":"user-service"}
{"level":"info","message":"Aslaa","service":"user-service"}
{"level":"info","message":"Server is starting1 8001","service":"user-service"}
{"level":"info","message":"Aslaa","service":"user-service"}
{"level":"info","message":"Server is starting1 8001","service":"user-service"}
{"level":"info","message":"Aslaa","service":"user-service"}
{"level":"info","message":"Server is starting1 8001","service":"user-service"}
{"level":"info","message":"Aslaa","service":"user-service"}
{"level":"info","message":"Server is starting1 8001","service":"user-service"}
{"level":"info","message":"Server is starting1 8001","service":"user-service"}
{"level":"info","message":"Aslaa","service":"user-service"}
{"level":"info","message":"Server is starting1 8001","service":"user-service"}
{"level":"info","message":"Aslaa","service":"user-service"}
{"level":"info","message":"Server is starting1 8001","service":"user-service"}
{"level":"info","message":"Aslaa","service":"user-service"}
{"level":"error","message":"","service":"user-service"}
{"level":"info","message":"Server is starting1 8001","service":"user-service"}
{"level":"info","message":"Aslaa","service":"user-service"}
{"level":"info","message":"Server is starting1 8001","service":"user-service"}
{"level":"info","message":"Aslaa","service":"user-service"}
{"level":"info","message":"Server is starting1 8001","service":"user-service"}
{"level":"info","message":"Aslaa","service":"user-service"}
{"level":"info","message":"Server is starting1 8001","service":"user-service"}
{"level":"info","message":"Aslaa","service":"user-service"}
{"level":"info","message":"Server is starting1 8001","service":"user-service"}
{"level":"info","message":"Server is starting1 8001","service":"user-service"}
{"level":"info","message":"Aslaa","service":"user-service"}
{"level":"info","message":"Server is starting1 8001","service":"user-service"}
{"level":"info","message":"Aslaa","service":"user-service"}
{"level":"info","message":"Server is starting1 8001","service":"user-service"}
{"level":"info","message":"Aslaa","service":"user-service"}
{"level":"info","message":"Server is starting1 8001","service":"user-service"}
{"level":"info","message":"Aslaa","service":"user-service"}
{"level":"info","message":"Server is starting1 8001","service":"user-service"}
{"level":"info","message":"Aslaa","service":"user-service"}
{"level":"info","message":"Server is starting1 8001","service":"user-service"}
{"level":"info","message":"Aslaa","service":"user-service"}
{"level":"info","message":"Server is starting1 8001","service":"user-service"}
{"level":"info","message":"Aslaa","service":"user-service"}
{"level":"info","message":"Server is starting1 8001","service":"user-service"}
{"level":"info","message":"Aslaa","service":"user-service"}
{"level":"info","message":"Server is starting1 8001","service":"user-service"}
{"level":"info","message":"Aslaa","service":"user-service"}
{"level":"info","message":"Server is starting1 8001","service":"user-service"}
{"level":"info","message":"Aslaa","service":"user-service"}
{"level":"info","message":"Server is starting1 8001","service":"user-service"}
{"level":"info","message":"Aslaa","service":"user-service"}
{"level":"info","message":"Server is starting1 8001","service":"user-service"}
{"level":"info","message":"Aslaa","service":"user-service"}
{"level":"info","message":"Server is starting1 8001","service":"user-service"}
{"level":"info","message":"Server is starting1 8001","service":"user-service"}
{"level":"info","message":"Aslaa","service":"user-service"}
{"level":"info","message":"Server is starting1 8001","service":"user-service"}
{"level":"info","message":"Aslaa","service":"user-service"}
{"level":"info","message":"Server is starting1 8001","service":"user-service"}
{"level":"info","message":"Aslaa","service":"user-service"}
{"level":"info","message":"Server is starting1 8001","service":"user-service"}
{"level":"info","message":"Aslaa","service":"user-service"}
{"level":"info","message":"Server is starting1 8001","service":"user-service"}
{"level":"info","message":"Server is starting1 8001","service":"user-service"}
{"level":"info","message":"Aslaa","service":"user-service"}
{"level":"info","message":"Server is starting1 8001","service":"user-service"}
{"level":"info","message":"Aslaa","service":"user-service"}
{"level":"info","message":"Server is starting1 8001","service":"user-service"}
{"level":"info","message":"Aslaa","service":"user-service"}
{"level":"info","message":"Server is starting1 8001","service":"user-service"}
{"level":"info","message":"Aslaa","service":"user-service"}
{"level":"info","message":"Server is starting1 8001","service":"user-service"}
{"level":"info","message":"Aslaa","service":"user-service"}
{"level":"info","message":"Server is starting1 8001","service":"user-service"}
{"level":"info","message":"Aslaa","service":"user-service"}
{"level":"info","message":"Server is starting1 8001","service":"user-service"}
{"level":"info","message":"Aslaa","service":"user-service"}
{"level":"info","message":"Server is starting1 8001","service":"user-service"}
{"level":"info","message":"Aslaa","service":"user-service"}
{"level":"info","message":"Server is starting1 8001","service":"user-service"}
{"level":"info","message":"Aslaa","service":"user-service"}
{"level":"info","message":"Server is starting1 8001","service":"user-service"}
{"level":"info","message":"Aslaa","service":"user-service"}
{"level":"info","message":"Server is starting1 8001","service":"user-service"}
{"level":"info","message":"Aslaa","service":"user-service"}
{"level":"info","message":"Server is starting1 8001","service":"user-service"}
{"level":"info","message":"Aslaa","service":"user-service"}
{"level":"info","message":"Server is starting1 8001","service":"user-service"}
{"level":"info","message":"Aslaa","service":"user-service"}
{"level":"info","message":"Server is starting1 8001","service":"user-service"}
{"level":"info","message":"Aslaa","service":"user-service"}
{"level":"info","message":"Server is starting1 8001","service":"user-service"}
{"level":"info","message":"Aslaa","service":"user-service"}
{"level":"info","message":"Server is starting1 8001","service":"user-service"}
{"level":"info","message":"Aslaa","service":"user-service"}
{"level":"info","message":"Server is starting1 8001","service":"user-service"}
{"level":"info","message":"Aslaa","service":"user-service"}
{"level":"info","message":"Server is starting1 8001","service":"user-service"}
{"level":"info","message":"Aslaa","service":"user-service"}
{"level":"info","message":"Server is starting1 8001","service":"user-service"}
{"level":"info","message":"Aslaa","service":"user-service"}
{"level":"info","message":"Server is starting1 8001","service":"user-service"}
{"level":"info","message":"Aslaa","service":"user-service"}
{"level":"info","message":"Server is starting1 8001","service":"user-service"}
{"level":"info","message":"Aslaa","service":"user-service"}
{"level":"info","message":"Server is starting1 8001","service":"user-service"}
{"level":"info","message":"Aslaa","service":"user-service"}
{"level":"info","message":"Server is starting1 8001","service":"user-service"}
{"level":"info","message":"Aslaa","service":"user-service"}
{"level":"info","message":"Server is starting1 8001","service":"user-service"}
{"level":"info","message":"Aslaa","service":"user-service"}
{"level":"info","message":"Server is starting1 8001","service":"user-service"}
{"level":"info","message":"Aslaa","service":"user-service"}
{"level":"info","message":"Server is starting1 8001","service":"user-service"}
{"level":"info","message":"Aslaa","service":"user-service"}
{"level":"info","message":"Server is starting1 8001","service":"user-service"}
{"level":"info","message":"Aslaa","service":"user-service"}
{"level":"info","message":"Server is starting1 8001","service":"user-service"}
{"level":"info","message":"Aslaa","service":"user-service"}
{"level":"info","message":"Server is starting1 8001","service":"user-service"}
{"level":"info","message":"Aslaa","service":"user-service"}
{"level":"info","message":"Server is starting1 8001","service":"user-service"}
{"level":"info","message":"Aslaa","service":"user-service"}
